<?xml version="1.0" encoding="UTF-8"?>
<testng-results ignored="0" total="1" passed="1" failed="0" skipped="0">
  <reporter-output>
  </reporter-output>
  <suite started-at="2025-07-31T14:18:24 IST" name="LoginSuite" finished-at="2025-07-31T14:18:30 IST" duration-ms="5938">
    <groups>
    </groups>
    <test started-at="2025-07-31T14:18:24 IST" name="LoginTests" finished-at="2025-07-31T14:18:30 IST" duration-ms="5938">
      <class name="tests.LoginTest">
        <test-method is-config="true" signature="setUp()[pri:0, instance:tests.LoginTest@c8c12ac]" started-at="2025-07-31T14:18:24 IST" name="setUp" finished-at="2025-07-31T14:18:27 IST" duration-ms="2751" status="PASS">
          <reporter-output>
          </reporter-output>
        </test-method> <!-- setUp -->
        <test-method signature="testValidLogin()[pri:0, instance:tests.LoginTest@c8c12ac]" started-at="2025-07-31T14:18:27 IST" name="testValidLogin" finished-at="2025-07-31T14:18:30 IST" duration-ms="3149" status="PASS">
          <reporter-output>
          </reporter-output>
        </test-method> <!-- testValidLogin -->
        <test-method is-config="true" signature="teardown()[pri:0, instance:tests.LoginTest@c8c12ac]" started-at="2025-07-31T14:18:30 IST" name="teardown" finished-at="2025-07-31T14:18:30 IST" duration-ms="0" status="PASS">
          <reporter-output>
          </reporter-output>
        </test-method> <!-- teardown -->
      </class> <!-- tests.LoginTest -->
    </test> <!-- LoginTests -->
  </suite> <!-- LoginSuite -->
</testng-results>
