<?xml version="1.0" encoding="UTF-8"?>
<!-- Generated by org.testng.reporters.JUnitXMLReporter -->
<testsuite ignored="0" hostname="Dell" failures="1" tests="1" name="LoginTests" time="4.165" errors="0" timestamp="2025-08-03T15:55:05 IST">
  <testcase classname="tests.LoginTest" name="testValidLogin" time="0.527">
    <failure type="java.lang.AssertionError" message="expected [Dashboard / nopCommerce administration] but found [nopCommerce demo store. Login]">
      <![CDATA[java.lang.AssertionError: expected [Dashboard / nopCommerce administration] but found [nopCommerce demo store. Login]
at tests.LoginTest.testValidLogin(LoginTest.java:72)
at java.base/java.util.ArrayList.forEach(ArrayList.java:1596)
... Removed 31 stack frames]]>
    </failure>
  </testcase> <!-- testValidLogin -->
</testsuite> <!-- LoginTests -->
